빌드 시작: 2022-01-11 오후 2:11:59
     1>2 노드의 "D:\Temp\RADAR_DF\ICAA\ICAA.vcxproj" 프로젝트(build 대상)입니다.
     1>InitializeBuildStatus:
         "AlwaysCreate"이(가) 지정되었기 때문에 "Debug\ICAA.unsuccessfulbuild"을(를) 만들고 있습니다.
       ClCompile:
         모든 출력이 최신 상태입니다.
         C:\Program Files (x86)\Microsoft Visual Studio 10.0\VC\bin\CL.exe /c /ZI /nologo /W3 /WX- /Od /Oy- /D WIN32 /D _WINDOWS /D _DEBUG /D _ELINT_ /D _MBCS /D _AFXDLL /Gm /EHsc /RTC1 /MDd /GS /fp:precise /Zc:wchar_t /Zc:forScope /Yu"StdAfx.h" /Fp"Debug\ICAA.pch" /Fo"Debug\\" /Fd"Debug\vc100.pdb" /Gd /TP /analyze- /errorReport:prompt COMMIF\CGRCommIF.cpp
         CGRCommIF.cpp
     1>d:\temp\radar_df\icaa\commif\cgrcommif.cpp(37): warning C4800: 'BOOL' : 'true' 또는 'false'로 bool 값을 강제하고 있습니다(성능 경고).
     1>d:\temp\radar_df\icaa\commif\cgrcommif.cpp(359): warning C4305: 'return' : 'int'에서 'bool'(으)로 잘립니다.
     1>d:\temp\radar_df\icaa\commif\cgrcommif.cpp(379): warning C4305: 'return' : 'int'에서 'bool'(으)로 잘립니다.
     1>d:\temp\radar_df\icaa\commif\cgrcommif.cpp(347): warning C4101: 'iRet' :참조되지 않은 지역 변수입니다.
     1>d:\temp\radar_df\icaa\commif\cgrcommif.cpp(396): warning C4800: 'int' : 'true' 또는 'false'로 bool 값을 강제하고 있습니다(성능 경고).
       ResourceCompile:
         모든 출력이 최신 상태입니다.
       ManifestResourceCompile:
         모든 출력이 최신 상태입니다.
       Link:
         C:\Program Files (x86)\Microsoft Visual Studio 10.0\VC\bin\link.exe /ERRORREPORT:PROMPT /OUT:"D:\Temp\RADAR_DF\Debug\ICAA.exe" /INCREMENTAL /NOLOGO zlib.lib Iphlpapi.lib RcvFuncTcp.lib RADARDIR.lib RADARANL.lib DF_LIB_PhaseDF.lib /MANIFEST /ManifestFile:"Debug\ICAA.exe.intermediate.manifest" /MANIFESTUAC:"level='asInvoker' uiAccess='false'" /DEBUG /PDB:"D:\Temp\RADAR_DF\Debug\ICAA.pdb" /SUBSYSTEM:WINDOWS /HEAP:"1024000","1024000" /STACK:"10485760" /TLBID:1 /DYNAMICBASE /NXCOMPAT /IMPLIB:"D:\Temp\RADAR_DF\Debug\ICAA.lib" /MACHINE:X86 Debug\ICAA.res
         Debug\ICAA.exe.embed.manifest.res
         Debug\ADSBReceivedProcessMngr.obj
         Debug\CGRCommIF.obj
         Debug\CGRCommMngr.obj
         Debug\CGRCommObj.obj
         Debug\CommonMngr.obj
         Debug\ComplibFacade.obj
         Debug\ICAA.obj
         Debug\ICAADlg.obj
         Debug\ICAAMngr.obj
         Debug\MsgQueueThread.obj
         Debug\ping.obj
         Debug\pingICMP.obj
         Debug\pingICMP2.obj
         Debug\PingThread.obj
         Debug\RadarAnalysisMngr.obj
         Debug\stdafx.obj
         Debug\LIGCondition.obj
         Debug\LIGLock.obj
         Debug\LIGThread.obj
         Debug\DFEquipBITMngr.obj
         Debug\DFTaskMngr.obj
       Manifest:
         C:\Program Files (x86)\Microsoft SDKs\Windows\v7.0A\bin\mt.exe /nologo /verbose /out:"Debug\ICAA.exe.embed.manifest" /manifest Debug\ICAA.exe.intermediate.manifest "C:\Program Files (x86)\Microsoft Visual Studio 10.0\VC\Include\Manifest\dpiaware.manifest"
         모든 출력이 최신 상태입니다.
       LinkEmbedManifest:
         모든 출력이 최신 상태입니다.
         ICAA.vcxproj -> D:\Temp\RADAR_DF\Debug\ICAA.exe
       FinalizeBuildStatus:
         "Debug\ICAA.unsuccessfulbuild" 파일을 삭제하고 있습니다.
         "Debug\ICAA.lastbuildstate"에 연결(touching)하고 있습니다.
     1>"D:\Temp\RADAR_DF\ICAA\ICAA.vcxproj" 프로젝트를 빌드했습니다(build 대상).

빌드했습니다.

경과 시간: 00:00:00.63
