D:\해력작업폴더\XBAND\RADAR_DF\ICAA\RELEASE\ADSBRECEIVEDPROCESSMNGR.OBJ
D:\해력작업폴더\XBAND\RADAR_DF\ICAA\RELEASE\CGRCOMMIF.OBJ
D:\해력작업폴더\XBAND\RADAR_DF\ICAA\RELEASE\CGRCOMMMNGR.OBJ
D:\해력작업폴더\XBAND\RADAR_DF\ICAA\RELEASE\CGRCOMMOBJ.OBJ
D:\해력작업폴더\XBand\RADAR_DF\ICAA\Release\cl.command.1.tlog
D:\해력작업폴더\XBand\RADAR_DF\ICAA\Release\CL.read.1.tlog
D:\해력작업폴더\XBand\RADAR_DF\ICAA\Release\CL.write.1.tlog
D:\해력작업폴더\XBAND\RADAR_DF\ICAA\RELEASE\COMMONMNGR.OBJ
D:\해력작업폴더\XBAND\RADAR_DF\ICAA\RELEASE\COMPLIBFACADE.OBJ
D:\해력작업폴더\XBAND\RADAR_DF\ICAA\RELEASE\DFEQUIPBITMNGR.OBJ
D:\해력작업폴더\XBAND\RADAR_DF\ICAA\RELEASE\DFTASKMNGR.OBJ
D:\해력작업폴더\XBAND\RADAR_DF\ICAA\RELEASE\ICAA.EXE.INTERMEDIATE.MANIFEST
D:\해력작업폴더\XBAND\RADAR_DF\ICAA\RELEASE\ICAA.OBJ
D:\해력작업폴더\XBAND\RADAR_DF\ICAA\RELEASE\ICAA.PCH
D:\해력작업폴더\XBAND\RADAR_DF\ICAA\RELEASE\ICAA.RES
D:\해력작업폴더\XBand\RADAR_DF\ICAA\Release\ICAA.write.1.tlog
D:\해력작업폴더\XBAND\RADAR_DF\ICAA\RELEASE\ICAADLG.OBJ
D:\해력작업폴더\XBAND\RADAR_DF\ICAA\RELEASE\ICAAMNGR.OBJ
D:\해력작업폴더\XBAND\RADAR_DF\ICAA\RELEASE\LIGCONDITION.OBJ
D:\해력작업폴더\XBAND\RADAR_DF\ICAA\RELEASE\LIGLOCK.OBJ
D:\해력작업폴더\XBAND\RADAR_DF\ICAA\RELEASE\LIGTHREAD.OBJ
D:\해력작업폴더\XBand\RADAR_DF\ICAA\Release\link.command.1.tlog
D:\해력작업폴더\XBand\RADAR_DF\ICAA\Release\link.read.1.tlog
D:\해력작업폴더\XBand\RADAR_DF\ICAA\Release\link.write.1.tlog
D:\해력작업폴더\XBand\RADAR_DF\ICAA\Release\link-cvtres.read.1.tlog
D:\해력작업폴더\XBand\RADAR_DF\ICAA\Release\link-cvtres.write.1.tlog
D:\해력작업폴더\XBAND\RADAR_DF\ICAA\RELEASE\MSGQUEUETHREAD.OBJ
D:\해력작업폴더\XBand\RADAR_DF\ICAA\Release\mt.command.1.tlog
D:\해력작업폴더\XBand\RADAR_DF\ICAA\Release\mt.read.1.tlog
D:\해력작업폴더\XBand\RADAR_DF\ICAA\Release\mt.write.1.tlog
D:\해력작업폴더\XBAND\RADAR_DF\ICAA\RELEASE\PING.OBJ
D:\해력작업폴더\XBAND\RADAR_DF\ICAA\RELEASE\PINGICMP.OBJ
D:\해력작업폴더\XBAND\RADAR_DF\ICAA\RELEASE\PINGICMP2.OBJ
D:\해력작업폴더\XBAND\RADAR_DF\ICAA\RELEASE\PINGTHREAD.OBJ
D:\해력작업폴더\XBAND\RADAR_DF\ICAA\RELEASE\RADARANALYSISMNGR.OBJ
D:\해력작업폴더\XBand\RADAR_DF\ICAA\Release\rc.command.1.tlog
D:\해력작업폴더\XBand\RADAR_DF\ICAA\Release\rc.read.1.tlog
D:\해력작업폴더\XBand\RADAR_DF\ICAA\Release\rc.write.1.tlog
D:\해력작업폴더\XBAND\RADAR_DF\ICAA\RELEASE\STDAFX.OBJ
D:\해력작업폴더\XBAND\RADAR_DF\ICAA\RELEASE\VC100.PDB
D:\해력작업폴더\XBAND\RADAR_DF\RELEASE\ICAA.EXE
D:\해력작업폴더\XBAND\RADAR_DF\RELEASE\ICAA.PDB
